<?xml version="1.0" encoding="UTF-8"?>
<!-- Generated by org.testng.reporters.JUnitXMLReporter -->
<testsuite ignored="0" hostname="LTIN490400" failures="0" tests="12" name="Default test" time="19.345" errors="0" timestamp="2024-05-07T17:58:03 IST">
  <testcase classname="TestSuites.TestCases" name="Login" time="2.788"/>
  <testcase classname="TestSuites.TestCases" name="Filtration" time="0.423"/>
  <testcase classname="TestSuites.TestCases" name="FetchDetails" time="0.461"/>
  <testcase classname="TestSuites.TestCases" name="AddItems" time="0.424"/>
  <testcase classname="TestSuites.TestCases" name="RemoveItem" time="0.279"/>
  <testcase classname="TestSuites.TestCases" name="EnterInvalidDetails" time="0.6"/>
  <testcase classname="TestSuites.TestCases" name="EnterDetails" time="0.671"/>
  <testcase classname="TestSuites.TestCases" name="FetchShippingDetails" time="0.085"/>
  <testcase classname="TestSuites.TestCases" name="Finish" time="0.379"/>
  <testcase classname="TestSuites.TestCases" name="AboutUs" time="5.101"/>
  <testcase classname="TestSuites.TestCases" name="Logout" time="0.362"/>
  <testcase classname="TestSuites.TestCases" name="InvalidLogin" time="0.292"/>
</testsuite> <!-- Default test -->
