<?xml version="1.0" encoding="UTF-8"?>
<!-- Generated by org.testng.reporters.JUnitXMLReporter -->
<testsuite ignored="0" hostname="LTIN490400" failures="0" tests="9" name="Test" time="22.029" errors="0" timestamp="2024-05-07T16:14:38 IST">
  <testcase classname="TestSuites.TestCases" name="Login" time="3.687"/>
  <testcase classname="TestSuites.TestCases" name="Filtration" time="0.272"/>
  <testcase classname="TestSuites.TestCases" name="FetchDetails" time="0.518"/>
  <testcase classname="TestSuites.TestCases" name="AddItems" time="0.698"/>
  <testcase classname="TestSuites.TestCases" name="RemoveItem" time="0.426"/>
  <testcase classname="TestSuites.TestCases" name="EnterInvalidDetails" time="0.752"/>
  <testcase classname="TestSuites.TestCases" name="EnterDetails" time="0.667"/>
  <testcase classname="TestSuites.TestCases" name="FetchShippingDetails" time="0.086"/>
  <testcase classname="TestSuites.TestCases" name="Finish" time="0.359"/>
</testsuite> <!-- Test -->
